<?xml version="1.0" encoding="UTF-8"?>
<testng-results ignored="0" total="1" passed="1" failed="0" skipped="0">
  <reporter-output>
  </reporter-output>
  <suite started-at="2026-03-14T20:37:51 IST" name="Default suite" finished-at="2026-03-14T20:37:57 IST" duration-ms="6339">
    <groups>
    </groups>
    <test started-at="2026-03-14T20:37:51 IST" name="Default test" finished-at="2026-03-14T20:37:57 IST" duration-ms="6339">
      <class name="testCases.TC_002_LoginTest">
        <test-method is-config="true" signature="setup()[pri:0, instance:testCases.TC_002_LoginTest@20f12539]" started-at="2026-03-14T20:37:51 IST" name="setup" finished-at="2026-03-14T20:37:55 IST" duration-ms="3967" status="PASS">
          <reporter-output>
          </reporter-output>
        </test-method> <!-- setup -->
        <test-method signature="vlogin()[pri:0, instance:testCases.TC_002_LoginTest@20f12539]" started-at="2026-03-14T20:37:55 IST" name="vlogin" finished-at="2026-03-14T20:37:57 IST" duration-ms="1914" status="PASS">
          <reporter-output>
          </reporter-output>
        </test-method> <!-- vlogin -->
        <test-method is-config="true" signature="teardown()[pri:0, instance:testCases.TC_002_LoginTest@20f12539]" started-at="2026-03-14T20:37:57 IST" name="teardown" finished-at="2026-03-14T20:37:57 IST" duration-ms="382" status="PASS">
          <reporter-output>
          </reporter-output>
        </test-method> <!-- teardown -->
      </class> <!-- testCases.TC_002_LoginTest -->
    </test> <!-- Default test -->
  </suite> <!-- Default suite -->
</testng-results>
