<?xml version="1.0" encoding="UTF-8"?>
<testng-results ignored="0" total="1" passed="1" failed="0" skipped="0">
  <reporter-output>
  </reporter-output>
  <suite started-at="2026-03-12T22:17:46 IST" name="Default suite" finished-at="2026-03-12T22:17:54 IST" duration-ms="7435">
    <groups>
    </groups>
    <test started-at="2026-03-12T22:17:46 IST" name="Default test" finished-at="2026-03-12T22:17:54 IST" duration-ms="7435">
      <class name="testCases.TC_001_AccountRegistrationTest">
        <test-method is-config="true" signature="setup()[pri:0, instance:testCases.TC_001_AccountRegistrationTest@7c6908d7]" started-at="2026-03-12T22:17:46 IST" name="setup" finished-at="2026-03-12T22:17:50 IST" duration-ms="4110" status="PASS">
          <reporter-output>
          </reporter-output>
        </test-method> <!-- setup -->
        <test-method signature="verify_account_registration()[pri:0, instance:testCases.TC_001_AccountRegistrationTest@7c6908d7]" started-at="2026-03-12T22:17:50 IST" name="verify_account_registration" finished-at="2026-03-12T22:17:53 IST" duration-ms="2863" status="PASS">
          <reporter-output>
          </reporter-output>
        </test-method> <!-- verify_account_registration -->
        <test-method is-config="true" signature="teardown()[pri:0, instance:testCases.TC_001_AccountRegistrationTest@7c6908d7]" started-at="2026-03-12T22:17:53 IST" name="teardown" finished-at="2026-03-12T22:17:54 IST" duration-ms="363" status="PASS">
          <reporter-output>
          </reporter-output>
        </test-method> <!-- teardown -->
      </class> <!-- testCases.TC_001_AccountRegistrationTest -->
    </test> <!-- Default test -->
  </suite> <!-- Default suite -->
</testng-results>
